<?xml version="1.0" encoding="UTF-8"?>
<!-- Generated by org.testng.reporters.JUnitXMLReporter -->
<testsuite ignored="0" hostname="CFLNAVALUR4431" failures="2" tests="2" name="EdgeTest" time="16.398" errors="0" timestamp="2024-12-19T15:50:23 IST">
  <testcase classname="StockTests.StockInfoValidationTest" name="verifyStockInformation" time="4.922">
    <failure type="java.lang.AssertionError" message="Low value does not match expected [2.45] but found [1.45]">
      <![CDATA[java.lang.AssertionError: Low value does not match expected [2.45] but found [1.45]
at StockTests.StockInfoValidationTest.verifyStockInformation(StockInfoValidationTest.java:51)
at java.base/java.util.ArrayList.forEach(ArrayList.java:1511)
at java.base/java.util.concurrent.FutureTask.run(FutureTask.java:264)
at java.base/java.util.concurrent.ThreadPoolExecutor.runWorker(ThreadPoolExecutor.java:1136)
at java.base/java.util.concurrent.ThreadPoolExecutor$Worker.run(ThreadPoolExecutor.java:635)
at java.base/java.lang.Thread.run(Thread.java:833)
... Removed 22 stack frames]]>
    </failure>
  </testcase> <!-- verifyStockInformation -->
  <testcase classname="StockTests.StockInfoValidationTest" name="verifyStockInformation" time="3.43">
    <failure type="java.lang.AssertionError" message="Current value does not match expected [628.00] but found [630.00]">
      <![CDATA[java.lang.AssertionError: Current value does not match expected [628.00] but found [630.00]
at StockTests.StockInfoValidationTest.verifyStockInformation(StockInfoValidationTest.java:49)
at java.base/java.util.ArrayList.forEach(ArrayList.java:1511)
at java.base/java.util.concurrent.FutureTask.run(FutureTask.java:264)
at java.base/java.util.concurrent.ThreadPoolExecutor.runWorker(ThreadPoolExecutor.java:1136)
at java.base/java.util.concurrent.ThreadPoolExecutor$Worker.run(ThreadPoolExecutor.java:635)
at java.base/java.lang.Thread.run(Thread.java:833)
... Removed 22 stack frames]]>
    </failure>
  </testcase> <!-- verifyStockInformation -->
</testsuite> <!-- EdgeTest -->
